android/app/build/outputs/mapping/release/seeds.txt
com.edupulse.teacher.MainActivity
com.edupulse.teacher.MainActivity: MainActivity()
...
com.google.zxing.qrcode.encoder.MatrixUtil: void embedVerticalSeparationPattern(int,int,com.google.zxing.qrcode.encoder.ByteMatrix)
com.google.zxing.common.BitArray: int getNextSet(int)
com.google.zxing.RGBLuminanceSource: boolean isCropSupported()
com.google.android.material.checkbox.MaterialCheckBox: void setEnabled(boolean)
com.google.zxing.pdf417.PDF417Writer: PDF417Writer()
com.google.zxing.oned.UPCEANExtension5Support: int determineCheckDigit(int)
com.google.zxing.datamatrix.encoder.HighLevelEncoder: boolean isDigit(char)
androidx.coordinatorlayout.widget.CoordinatorLayout: int getSuggestedMinimumWidth()
androidx.core.view.ViewConfigurationCompat$Api28Impl: boolean shouldShowMenuShortcutsWhenKeyboardPresent(android.view.ViewConfiguration)
com.journeyapps.barcodescanner.SourceData: android.graphics.Bitmap getBitmap(android.graphics.Rect,int)
androidx.recyclerview.widget.RecyclerView: androidx.recyclerview.widget.RecyclerView$EdgeEffectFactory getEdgeEffectFactory()
com.google.zxing.qrcode.encoder.Encoder: com.google.zxing.qrcode.decoder.Version recommendVersion(com.google.zxing.qrcode.decoder.ErrorCorrectionLevel,com.google.zxing.qrcode.decoder.Mode,com.google.zxing.common.BitArray,com.google.zxing.common.BitArray)
com.google.zxing.client.result.AddressBookAUResultParser: AddressBookAUResultParser()
com.google.zxing.qrcode.detector.FinderPatternFinder: FinderPatternFinder(com.google.zxing.common.BitMatrix,com.google.zxing.ResultPointCallback)
com.google.zxing.pdf417.encoder.PDF417HighLevelEncoder: int determineConsecutiveBinaryCount(com.google.zxing.common.ECIInput,int,java.nio.charset.Charset)
androidx.appcompat.widget.LinearLayoutCompat: void setDividerDrawable(android.graphics.drawable.Drawable)
com.google.zxing.qrcode.detector.Detector: com.google.zxing.common.PerspectiveTransform createTransform(com.google.zxing.ResultPoint,com.google.zxing.ResultPoint,com.google.zxing.ResultPoint,com.google.zxing.ResultPoint,int)
com.google.zxing.oned.Code128Writer$MinimalEncoder: boolean[] encode(java.lang.String)
com.google.android.material.internal.ForegroundLinearLayout: void setForeground(android.graphics.drawable.Drawable)
androidx.appcompat.widget.AppCompatRadioButton: void setSupportCompoundDrawablesTintMode(android.graphics.PorterDuff$Mode)
com.google.zxing.FormatException: FormatException(java.lang.Throwable)
com.journeyapps.barcodescanner.CameraPreview: void setPreviewScalingStrategy(com.journeyapps.barcodescanner.camera.PreviewScalingStrategy)
com.journeyapps.barcodescanner.camera.CameraInstance: void close()
com.google.android.material.bottomappbar.BottomAppBar$Behavior: BottomAppBar$Behavior(android.content.Context,android.util.AttributeSet)
com.journeyapps.barcodescanner.ScanOptions: com.journeyapps.barcodescanner.ScanOptions setBeepEnabled(boolean)
com.journeyapps.barcodescanner.CameraPreview: int getDisplayRotation()
com.google.zxing.datamatrix.decoder.Version$ECBlocks: Version$ECBlocks(int,com.google.zxing.datamatrix.decoder.Version$ECB,com.google.zxing.datamatrix.decoder.Version$ECB,com.google.zxing.datamatrix.decoder.Version$1)
com.google.zxing.qrcode.decoder.FormatInformation: com.google.zxing.qrcode.decoder.FormatInformation decodeFormatInformation(int,int)
com.google.zxing.oned.rss.expanded.decoders.GeneralAppIdDecoder: boolean isAlphaTo646ToAlphaLatch(int)
com.google.zxing.common.CharacterSetECI: CharacterSetECI(java.lang.String,int,int[],java.lang.String[])
com.google.zxing.oned.rss.expanded.ExpandedRow: boolean equals(java.lang.Object)
androidx.core.widget.NestedScrollView: int getNestedScrollAxes()
com.google.zxing.oned.UPCEANExtension2Support: UPCEANExtension2Support()
androidx.constraintlayout.solver.widgets.ConstraintWidget$DimensionBehaviour: androidx.constraintlayout.solver.widgets.ConstraintWidget$DimensionBehaviour[] values()