android/app/build/outputs/mapping/release/usage.txt
com.edupulse.teacher.MainActivity:
    private static final java.lang.String FIREBASE_API_KEY
    private static final java.lang.String KEY_API_IP
    private static final java.lang.String KEY_API_PORT
    private static final java.lang.String KEY_EMAIL
    private static final java.lang.String KEY_ID_TOKEN
    private static final java.lang.String KEY_LOGGED_IN
    private static final java.lang.String KEY_OTA_URL
    private static final java.lang.String PREFS_NAME
    private static final int RC_GOOGLE_SIGN_IN
com.edupulse.teacher.R$drawable
com.edupulse.teacher.R$font
com.edupulse.teacher.R$id:
    public static int splashLogo
    private void <init>()
com.edupulse.teacher.R$layout:
    private void <init>()
com.edupulse.teacher.R$string
com.edupulse.teacher.R$style
com.edupulse.teacher.R$xml
com.edupulse.teacher.R
...
com.google.android.gms.internal.auth-api.zbc:
    private void <init>()
com.google.android.gms.internal.auth-api.zbd
com.google.android.gms.internal.auth-api.zbe
com.google.android.gms.internal.auth-api.zbf
com.google.android.gms.internal.auth-api.zbg
com.google.android.gms.internal.auth-api.zbh
com.google.android.gms.internal.auth-api.zbi
com.google.android.gms.internal.auth-api.zbj
com.google.android.gms.internal.auth-api.zbk
com.google.android.gms.internal.auth-api.zbl:
    public final com.google.android.gms.common.api.PendingResult delete(com.google.android.gms.common.api.GoogleApiClient,com.google.android.gms.auth.api.credentials.Credential)
    public final com.google.android.gms.common.api.PendingResult disableAutoSignIn(com.google.android.gms.common.api.GoogleApiClient)
    public final android.app.PendingIntent getHintPickerIntent(com.google.android.gms.common.api.GoogleApiClient,com.google.android.gms.auth.api.credentials.HintRequest)
    public final com.google.android.gms.common.api.PendingResult request(com.google.android.gms.common.api.GoogleApiClient,com.google.android.gms.auth.api.credentials.CredentialRequest)
    public final com.google.android.gms.common.api.PendingResult save(com.google.android.gms.common.api.GoogleApiClient,com.google.android.gms.auth.api.credentials.Credential)
com.google.android.gms.internal.auth-api.zbm
com.google.android.gms.internal.auth-api.zbn
com.google.android.gms.internal.auth-api.zbo:
    final com.google.android.gms.auth.api.Auth$AuthCredentialsOptions zba()
com.google.android.gms.internal.auth-api.zbp
com.google.android.gms.internal.auth-api.zbq
com.google.android.gms.internal.auth-api.zbr
com.google.android.gms.internal.auth-api.zbs
com.google.android.gms.internal.auth-api.zbt:
    public final void zbc(com.google.android.gms.internal.auth-api.zbs,com.google.android.gms.internal.auth-api.zbp)
    public final void zbd(com.google.android.gms.internal.auth-api.zbs,com.google.android.gms.auth.api.credentials.CredentialRequest)
    public final void zbe(com.google.android.gms.internal.auth-api.zbs,com.google.android.gms.internal.auth-api.zbu)
    public final void zbf(com.google.android.gms.internal.auth-api.zbs)
com.google.android.gms.internal.auth-api.zbu
com.google.android.gms.internal.auth-api.zbv
com.google.android.gms.internal.auth-api.zbw
com.google.android.gms.internal.auth-api.zbx
com.google.android.gms.internal.auth-api.zby
com.google.android.gms.internal.auth-api.zbz
com.google.android.gms.internal.auth.zza:
    protected final android.os.Parcel zza()
    protected final android.os.Parcel zzb(int,android.os.Parcel)
    protected final void zzc(int,android.os.Parcel)
com.google.android.gms.internal.auth.zzaa
com.google.android.gms.internal.auth.zzab
com.google.android.gms.internal.auth.zzac
com.google.android.gms.internal.auth.zzad
com.google.android.gms.internal.auth.zzae
com.google.android.gms.internal.auth.zzaf
com.google.android.gms.internal.auth.zzag
com.google.android.gms.internal.auth.zzah
com.google.android.gms.internal.auth.zzai
com.google.android.gms.internal.auth.zzaj
com.google.android.gms.internal.auth.zzak
com.google.android.gms.internal.auth.zzal
com.google.android.gms.internal.auth.zzam
com.google.android.gms.internal.auth.zzan
com.google.android.gms.internal.auth.zzao
com.google.android.gms.internal.auth.zzap
com.google.android.gms.internal.auth.zzaq
com.google.android.gms.internal.auth.zzar
com.google.android.gms.internal.auth.zzas
com.google.android.gms.internal.auth.zzat
com.google.android.gms.internal.auth.zzau
com.google.android.gms.internal.auth.zzav
com.google.android.gms.internal.auth.zzaw
com.google.android.gms.internal.auth.zzax
com.google.android.gms.internal.auth.zzay
com.google.android.gms.internal.auth.zzaz
com.google.android.gms.internal.auth.zzb
com.google.android.gms.internal.auth.zzba
com.google.android.gms.internal.auth.zzbb
com.google.android.gms.internal.auth.zzbc
com.google.android.gms.internal.auth.zzbd